2025-02-25 14:21:23,188 DEBUG    root            Loaded Command Group: ['gcloud', 'components']
2025-02-25 14:21:23,190 DEBUG    root            Loaded Command Group: ['gcloud', 'components', 'update']
2025-02-25 14:21:23,192 DEBUG    root            Running [gcloud.components.update] with arguments: [--quiet: "True", COMPONENT-IDS:8: "['gcloud', 'core', 'bq', 'gsutil', 'compute', 'preview', 'alpha', 'beta']"]
2025-02-25 14:21:23,193 INFO     ___FILE_ONLY___ Beginning update. This process may take several minutes.

2025-02-25 14:21:23,201 DEBUG    urllib3.connectionpool Starting new HTTPS connection (1): dl.google.com:443
2025-02-25 14:21:23,214 DEBUG    urllib3.connectionpool https://dl.google.com:443 "GET /dl/cloudsdk/channels/rapid/components-2.json HTTP/11" 200 227832
2025-02-25 14:21:23,227 WARNING  root            Component [compute] no longer exists.
2025-02-25 14:21:23,227 INFO     ___FILE_ONLY___ 

2025-02-25 14:21:23,228 INFO     ___FILE_ONLY___ 
Your current Google Cloud CLI version is: 511.0.0

2025-02-25 14:21:23,228 INFO     ___FILE_ONLY___ Installing components from version: 511.0.0

2025-02-25 14:21:23,228 INFO     ___FILE_ONLY___ 

2025-02-25 14:21:23,228 DEBUG    root            Chosen display Format:table[box,title="These components will be removed."](details.display_name:label=Name:align=left,version.version_string:label=Version:align=right,data.size.size(zero="",min=1048576):label=Size:align=right)
2025-02-25 14:21:23,229 DEBUG    root            Chosen display Format:table[box,title="These components will be updated."](details.display_name:label=Name:align=left,version.version_string:label=Version:align=right,data.size.size(zero="",min=1048576):label=Size:align=right)
2025-02-25 14:21:23,229 DEBUG    root            Chosen display Format:table[box,title="These components will be installed."](details.display_name:label=Name:align=left,version.version_string:label=Version:align=right,data.size.size(zero="",min=1048576):label=Size:align=right)
2025-02-25 14:21:23,242 INFO     ___FILE_ONLY___ ┌────────────────────────────────────────────────┐
2025-02-25 14:21:23,242 INFO     ___FILE_ONLY___ 

2025-02-25 14:21:23,242 INFO     ___FILE_ONLY___ │      These components will be installed.       │
2025-02-25 14:21:23,242 INFO     ___FILE_ONLY___ 

2025-02-25 14:21:23,242 INFO     ___FILE_ONLY___ ├─────────────────────────┬────────────┬─────────┤
2025-02-25 14:21:23,242 INFO     ___FILE_ONLY___ 

2025-02-25 14:21:23,242 INFO     ___FILE_ONLY___ │           Name          │  Version   │   Size  │
2025-02-25 14:21:23,242 INFO     ___FILE_ONLY___ 

2025-02-25 14:21:23,242 INFO     ___FILE_ONLY___ ├─────────────────────────┼────────────┼─────────┤
2025-02-25 14:21:23,242 INFO     ___FILE_ONLY___ 

2025-02-25 14:21:23,242 INFO     ___FILE_ONLY___ │ 
2025-02-25 14:21:23,243 INFO     ___FILE_ONLY___ gcloud Alpha Commands  
2025-02-25 14:21:23,243 INFO     ___FILE_ONLY___  
2025-02-25 14:21:23,243 INFO     ___FILE_ONLY___ │ 
2025-02-25 14:21:23,243 INFO     ___FILE_ONLY___ 2025.02.18
2025-02-25 14:21:23,243 INFO     ___FILE_ONLY___  
2025-02-25 14:21:23,243 INFO     ___FILE_ONLY___ │ 
2025-02-25 14:21:23,243 INFO     ___FILE_ONLY___ < 1 MiB
2025-02-25 14:21:23,243 INFO     ___FILE_ONLY___  
2025-02-25 14:21:23,243 INFO     ___FILE_ONLY___ │
2025-02-25 14:21:23,243 INFO     ___FILE_ONLY___ 

2025-02-25 14:21:23,243 INFO     ___FILE_ONLY___ │ 
2025-02-25 14:21:23,243 INFO     ___FILE_ONLY___ gcloud Beta Commands   
2025-02-25 14:21:23,243 INFO     ___FILE_ONLY___  
2025-02-25 14:21:23,243 INFO     ___FILE_ONLY___ │ 
2025-02-25 14:21:23,243 INFO     ___FILE_ONLY___ 2025.02.18
2025-02-25 14:21:23,243 INFO     ___FILE_ONLY___  
2025-02-25 14:21:23,243 INFO     ___FILE_ONLY___ │ 
2025-02-25 14:21:23,243 INFO     ___FILE_ONLY___ < 1 MiB
2025-02-25 14:21:23,243 INFO     ___FILE_ONLY___  
2025-02-25 14:21:23,243 INFO     ___FILE_ONLY___ │
2025-02-25 14:21:23,243 INFO     ___FILE_ONLY___ 

2025-02-25 14:21:23,244 INFO     ___FILE_ONLY___ │ 
2025-02-25 14:21:23,244 INFO     ___FILE_ONLY___ gcloud Preview Commands
2025-02-25 14:21:23,244 INFO     ___FILE_ONLY___  
2025-02-25 14:21:23,244 INFO     ___FILE_ONLY___ │ 
2025-02-25 14:21:23,244 INFO     ___FILE_ONLY___           
2025-02-25 14:21:23,244 INFO     ___FILE_ONLY___  
2025-02-25 14:21:23,244 INFO     ___FILE_ONLY___ │ 
2025-02-25 14:21:23,244 INFO     ___FILE_ONLY___ < 1 MiB
2025-02-25 14:21:23,244 INFO     ___FILE_ONLY___  
2025-02-25 14:21:23,244 INFO     ___FILE_ONLY___ │
2025-02-25 14:21:23,244 INFO     ___FILE_ONLY___ 

2025-02-25 14:21:23,244 INFO     ___FILE_ONLY___ └─────────────────────────┴────────────┴─────────┘
2025-02-25 14:21:23,244 INFO     ___FILE_ONLY___ 

2025-02-25 14:21:23,244 INFO     ___FILE_ONLY___ 

2025-02-25 14:21:23,247 DEBUG    urllib3.connectionpool Starting new HTTPS connection (1): dl.google.com:443
2025-02-25 14:21:23,262 DEBUG    urllib3.connectionpool https://dl.google.com:443 "GET /dl/cloudsdk/channels/rapid/RELEASE_NOTES HTTP/11" 200 1367135
2025-02-25 14:21:23,707 INFO     ___FILE_ONLY___ For the latest full release notes, please visit:
  https://cloud.google.com/sdk/release_notes


2025-02-25 14:21:23,708 INFO     ___FILE_ONLY___ Performing in place update...


2025-02-25 14:21:23,709 INFO     ___FILE_ONLY___ ╔════════════════════════════════════════════════════════════╗

2025-02-25 14:21:23,710 INFO     ___FILE_ONLY___ ╠═ Downloading: gcloud Alpha Commands                       ═╣

2025-02-25 14:21:23,710 INFO     ___FILE_ONLY___ ╚
2025-02-25 14:21:23,713 DEBUG    urllib3.connectionpool Starting new HTTPS connection (1): dl.google.com:443
2025-02-25 14:21:23,753 DEBUG    urllib3.connectionpool https://dl.google.com:443 "GET /dl/cloudsdk/channels/rapid/components/google-cloud-sdk-alpha-20250218185346.tar.gz HTTP/11" 200 800
2025-02-25 14:21:23,754 INFO     ___FILE_ONLY___ ════════════════════════════════════════════════════════════
2025-02-25 14:21:23,754 INFO     ___FILE_ONLY___ ╝

2025-02-25 14:21:23,756 INFO     ___FILE_ONLY___ ╔════════════════════════════════════════════════════════════╗

2025-02-25 14:21:23,756 INFO     ___FILE_ONLY___ ╠═ Downloading: gcloud Beta Commands                        ═╣

2025-02-25 14:21:23,756 INFO     ___FILE_ONLY___ ╚
2025-02-25 14:21:23,759 DEBUG    urllib3.connectionpool Starting new HTTPS connection (1): dl.google.com:443
2025-02-25 14:21:23,768 DEBUG    urllib3.connectionpool https://dl.google.com:443 "GET /dl/cloudsdk/channels/rapid/components/google-cloud-sdk-beta-20250218185346.tar.gz HTTP/11" 200 797
2025-02-25 14:21:23,768 INFO     ___FILE_ONLY___ ════════════════════════════════════════════════════════════
2025-02-25 14:21:23,768 INFO     ___FILE_ONLY___ ╝

2025-02-25 14:21:23,770 INFO     ___FILE_ONLY___ ╔════════════════════════════════════════════════════════════╗

2025-02-25 14:21:23,770 INFO     ___FILE_ONLY___ ╠═ Downloading: gcloud Preview Commands                     ═╣

2025-02-25 14:21:23,770 INFO     ___FILE_ONLY___ ╚
2025-02-25 14:21:23,772 DEBUG    urllib3.connectionpool Starting new HTTPS connection (1): dl.google.com:443
2025-02-25 14:21:23,813 DEBUG    urllib3.connectionpool https://dl.google.com:443 "GET /dl/cloudsdk/channels/rapid/components/google-cloud-sdk-preview-20241115154308.tar.gz HTTP/11" 200 823
2025-02-25 14:21:23,814 INFO     ___FILE_ONLY___ ════════════════════════════════════════════════════════════
2025-02-25 14:21:23,814 INFO     ___FILE_ONLY___ ╝

2025-02-25 14:21:23,816 INFO     ___FILE_ONLY___ ╔════════════════════════════════════════════════════════════╗

2025-02-25 14:21:23,816 INFO     ___FILE_ONLY___ ╠═ Installing: gcloud Alpha Commands                        ═╣

2025-02-25 14:21:23,816 INFO     ___FILE_ONLY___ ╚
2025-02-25 14:21:23,817 INFO     ___FILE_ONLY___ ════════════════════════════════════════════════════════════
2025-02-25 14:21:23,817 INFO     ___FILE_ONLY___ ╝

2025-02-25 14:21:23,821 INFO     ___FILE_ONLY___ ╔════════════════════════════════════════════════════════════╗

2025-02-25 14:21:23,821 INFO     ___FILE_ONLY___ ╠═ Installing: gcloud Beta Commands                         ═╣

2025-02-25 14:21:23,821 INFO     ___FILE_ONLY___ ╚
2025-02-25 14:21:23,822 INFO     ___FILE_ONLY___ ════════════════════════════════════════════════════════════
2025-02-25 14:21:23,822 INFO     ___FILE_ONLY___ ╝

2025-02-25 14:21:23,827 INFO     ___FILE_ONLY___ ╔════════════════════════════════════════════════════════════╗

2025-02-25 14:21:23,827 INFO     ___FILE_ONLY___ ╠═ Installing: gcloud Preview Commands                      ═╣

2025-02-25 14:21:23,827 INFO     ___FILE_ONLY___ ╚
2025-02-25 14:21:23,827 INFO     ___FILE_ONLY___ ════════════════════════════════════════════════════════════
2025-02-25 14:21:23,827 INFO     ___FILE_ONLY___ ╝

2025-02-25 14:21:23,832 DEBUG    root            Updating notification cache...
2025-02-25 14:21:23,832 INFO     ___FILE_ONLY___ 

2025-02-25 14:21:23,834 INFO     ___FILE_ONLY___ Performing post processing steps...
2025-02-25 14:21:23,834 DEBUG    root            Executing command: ['/tools/google-cloud-sdk/bin/gcloud', 'components', 'post-process']
2025-02-25 14:21:31,522 DEBUG    ___FILE_ONLY___ 
2025-02-25 14:21:31,523 DEBUG    ___FILE_ONLY___ 
2025-02-25 14:21:31,616 INFO     ___FILE_ONLY___ 
Update done!


2025-02-25 14:21:31,619 DEBUG    root            Chosen display Format:none
2025-02-25 14:21:31,619 INFO     root            Display format: "none"
